<?xml version="1.0" encoding="UTF-8"?>
<testng-results ignored="0" total="1" passed="1" failed="0" skipped="0">
  <reporter-output>
  </reporter-output>
  <suite started-at="2024-03-03T04:45:25 EST" name="Default suite" finished-at="2024-03-03T04:45:40 EST" duration-ms="14893">
    <groups>
    </groups>
    <test started-at="2024-03-03T04:45:25 EST" name="Default test" finished-at="2024-03-03T04:45:40 EST" duration-ms="14893">
      <class name="tests.BaseClass">
        <test-method is-config="true" signature="setup()[pri:0, instance:tests.BaseClass@2f7298b]" started-at="2024-03-03T04:45:25 EST" name="setup" finished-at="2024-03-03T04:45:31 EST" duration-ms="5238" status="PASS">
          <reporter-output>
          </reporter-output>
        </test-method> <!-- setup -->
        <test-method signature="sampleTest()[pri:0, instance:tests.BaseClass@2f7298b]" started-at="2024-03-03T04:45:31 EST" name="sampleTest" finished-at="2024-03-03T04:45:40 EST" duration-ms="9636" status="PASS">
          <reporter-output>
          </reporter-output>
        </test-method> <!-- sampleTest -->
        <test-method is-config="true" signature="teardown()[pri:0, instance:tests.BaseClass@2f7298b]" started-at="2024-03-03T04:45:40 EST" name="teardown" finished-at="2024-03-03T04:45:40 EST" duration-ms="1" status="PASS">
          <reporter-output>
          </reporter-output>
        </test-method> <!-- teardown -->
      </class> <!-- tests.BaseClass -->
    </test> <!-- Default test -->
  </suite> <!-- Default suite -->
</testng-results>
